[debug] [2026-07-15T22:02:23.379Z] ----------------------------------------------------------------------
[debug] [2026-07-15T22:02:23.382Z] Command:       C:\Users\JOSSEA~1\OneDrive\DOCUME~1\GUNADA~1\SEMEST~3\PIJOSS~1\webpi\ECOMME~1\app\firebase-tools-instant-win.exe C:\Users\Josse Andrian\.cache\firebase\tools\lib\node_modules\firebase-tools\lib\bin\firebase init
[debug] [2026-07-15T22:02:23.382Z] CLI Version:   15.23.0
[debug] [2026-07-15T22:02:23.382Z] Platform:      win32
[debug] [2026-07-15T22:02:23.383Z] Node Version:  v20.18.2
[debug] [2026-07-15T22:02:23.383Z] Detected Agent: unknown
[debug] [2026-07-15T22:02:23.383Z] Time:          Thu Jul 16 2026 04:02:23 GMT+0600 (Omsk Standard Time)
[debug] [2026-07-15T22:02:23.383Z] ----------------------------------------------------------------------
[debug] 
[info] 
     ######## #### ########  ######## ########     ###     ######  ########
     ##        ##  ##     ## ##       ##     ##  ##   ##  ##       ##
     ######    ##  ########  ######   ########  #########  ######  ######
     ##        ##  ##    ##  ##       ##     ## ##     ##       ## ##
     ##       #### ##     ## ######## ########  ##     ##  ######  ########

You're about to initialize a Firebase project in this directory:

  C:\Users\Josse Andrian\OneDrive\Documents\GUNADARMA\SEMESTER 6\PI JOSSE\webpi\ecommerce-alat-musik

Before we get started, keep in mind:

  * You are initializing within an existing Firebase project directory

[info] 
=== Project Setup
[info] 
[info] First, let's associate this project directory with a Firebase project.
[info] You can create multiple project aliases by running firebase use --add, 
[info] 
[debug] [2026-07-15T22:06:20.318Z] > command requires scopes: ["email","openid","https://www.googleapis.com/auth/cloudplatformprojects.readonly","https://www.googleapis.com/auth/firebase","https://www.googleapis.com/auth/cloud-platform"]
[debug] [2026-07-15T22:06:20.318Z] > authorizing via signed-in user (sitanggangjose123@gmail.com)
[debug] [2026-07-15T22:06:20.320Z] Checked if tokens are valid: false, expires at: 1784154035792
[debug] [2026-07-15T22:06:20.320Z] Checked if tokens are valid: false, expires at: 1784154035792
[debug] [2026-07-15T22:06:20.320Z] > refreshing access token with scopes: []
[debug] [2026-07-15T22:06:20.323Z] >>> [apiv2][query] POST https://www.googleapis.com/oauth2/v3/token [none]
[debug] [2026-07-15T22:06:20.323Z] >>> [apiv2][body] POST https://www.googleapis.com/oauth2/v3/token [omitted]
[debug] [2026-07-15T22:06:20.444Z] <<< [apiv2][status] POST https://www.googleapis.com/oauth2/v3/token 200
[debug] [2026-07-15T22:06:20.444Z] <<< [apiv2][body] POST https://www.googleapis.com/oauth2/v3/token [omitted]
[debug] [2026-07-15T22:06:20.463Z] >>> [apiv2][query] GET https://firebase.googleapis.com/v1beta1/projects/toko-musik [none]
[debug] [2026-07-15T22:06:21.034Z] <<< [apiv2][status] GET https://firebase.googleapis.com/v1beta1/projects/toko-musik 200
[debug] [2026-07-15T22:06:21.034Z] <<< [apiv2][body] GET https://firebase.googleapis.com/v1beta1/projects/toko-musik {"projectId":"toko-musik","projectNumber":"1095838439255","displayName":"toko musik","name":"projects/toko-musik","resources":{"hostingSite":"toko-musik","realtimeDatabaseInstance":"toko-musik-default-rtdb"},"state":"ACTIVE","labels":{"firebase":"enabled"},"etag":"1_7f700b92-c9e3-4999-9b86-b0ff909ebf7a"}
[info] i  Using project toko-musik (toko musik) . 
[info] 
=== Database Setup
[info] 
[info] Firebase Realtime Database Security Rules allow you to define how your data should be
[info] structured and when your data can be read from and written to.
[info] 
[info] i  database: ensuring required API firebasedatabase.googleapis.com is enabled... 
[info] 
[debug] [2026-07-15T22:06:25.477Z] Checked if tokens are valid: true, expires at: 1784156779444
[debug] [2026-07-15T22:06:25.477Z] Checked if tokens are valid: true, expires at: 1784156779444
[debug] [2026-07-15T22:06:25.477Z] >>> [apiv2][query] GET https://firebase.googleapis.com/v1beta1/projects/toko-musik [none]
[debug] [2026-07-15T22:06:26.020Z] <<< [apiv2][status] GET https://firebase.googleapis.com/v1beta1/projects/toko-musik 200
[debug] [2026-07-15T22:06:26.021Z] <<< [apiv2][body] GET https://firebase.googleapis.com/v1beta1/projects/toko-musik {"projectId":"toko-musik","projectNumber":"1095838439255","displayName":"toko musik","name":"projects/toko-musik","resources":{"hostingSite":"toko-musik","realtimeDatabaseInstance":"toko-musik-default-rtdb"},"state":"ACTIVE","labels":{"firebase":"enabled"},"etag":"1_7f700b92-c9e3-4999-9b86-b0ff909ebf7a"}
[debug] [2026-07-15T22:06:26.021Z] Checked if tokens are valid: true, expires at: 1784156779444
[debug] [2026-07-15T22:06:26.022Z] Checked if tokens are valid: true, expires at: 1784156779444
[debug] [2026-07-15T22:06:26.022Z] >>> [apiv2][query] GET https://firebasedatabase.googleapis.com/v1beta/projects/toko-musik/locations/-/instances/toko-musik-default-rtdb [none]
[debug] [2026-07-15T22:06:27.452Z] <<< [apiv2][status] GET https://firebasedatabase.googleapis.com/v1beta/projects/toko-musik/locations/-/instances/toko-musik-default-rtdb 200
[debug] [2026-07-15T22:06:27.453Z] <<< [apiv2][body] GET https://firebasedatabase.googleapis.com/v1beta/projects/toko-musik/locations/-/instances/toko-musik-default-rtdb {"name":"projects/1095838439255/locations/asia-southeast1/instances/toko-musik-default-rtdb","project":"projects/1095838439255","databaseUrl":"https://toko-musik-default-rtdb.asia-southeast1.firebasedatabase.app","type":"DEFAULT_DATABASE","state":"ACTIVE"}
[debug] [2026-07-15T22:06:27.453Z] Checked if tokens are valid: true, expires at: 1784156779444
[debug] [2026-07-15T22:06:27.453Z] Checked if tokens are valid: true, expires at: 1784156779444
[debug] [2026-07-15T22:06:27.453Z] >>> [apiv2][query] GET https://toko-musik-default-rtdb.asia-southeast1.firebasedatabase.app/.settings/rules.json [none]
[debug] [2026-07-15T22:06:27.592Z] <<< [apiv2][status] GET https://toko-musik-default-rtdb.asia-southeast1.firebasedatabase.app/.settings/rules.json 200
[debug] [2026-07-15T22:06:27.592Z] <<< [apiv2][body] GET https://toko-musik-default-rtdb.asia-southeast1.firebasedatabase.app/.settings/rules.json [stream]
[debug] [2026-07-15T22:06:28.210Z] TypeError: Body is unusable: Body has already been read
    at consumeBody (node:internal/deps/undici/undici:5712:15)
    at _Response.text (node:internal/deps/undici/undici:5662:18)
    at getDBRules (C:\Users\Josse Andrian\.cache\firebase\tools\lib\node_modules\firebase-tools\lib\init\features\database.js:33:36)
    at process.processTicksAndRejections (node:internal/process/task_queues:95:5)
    at async Object.askQuestions (C:\Users\Josse Andrian\.cache\firebase\tools\lib\node_modules\firebase-tools\lib\init\features\database.js:106:26)
    at async init (C:\Users\Josse Andrian\.cache\firebase\tools\lib\node_modules\firebase-tools\lib\init\index.js:102:17)
    at async Command.initAction [as actionFn] (C:\Users\Josse Andrian\.cache\firebase\tools\lib\node_modules\firebase-tools\lib\commands\init.js:232:5)
[error] 
[error] Error: An unexpected error has occurred.
